[2020-09-22 08:58:27] local.ERROR: Please provide a valid cache path. {"exception":"[object] (InvalidArgumentException(code: 0): Please provide a valid cache path. at /home/mohamed/Desktop/laravel/laravel-twitter-clone/vendor/laravel/framework/src/Illuminate/View/Compilers/Compiler.php:36)
[stacktrace]
#0 /home/mohamed/Desktop/laravel/laravel-twitter-clone/vendor/laravel/framework/src/Illuminate/View/ViewServiceProvider.php(91): Illuminate\\View\\Compilers\\Compiler->__construct()
#1 /home/mohamed/Desktop/laravel/laravel-twitter-clone/vendor/laravel/framework/src/Illuminate/Container/Container.php(805): Illuminate\\View\\ViewServiceProvider->Illuminate\\View\\{closure}()
#2 /home/mohamed/Desktop/laravel/laravel-twitter-clone/vendor/laravel/framework/src/Illuminate/Container/Container.php(691): Illuminate\\Container\\Container->build()
#3 /home/mohamed/Desktop/laravel/laravel-twitter-clone/vendor/laravel/framework/src/Illuminate/Foundation/Application.php(796): Illuminate\\Container\\Container->resolve()
#4 /home/mohamed/Desktop/laravel/laravel-twitter-clone/vendor/laravel/framework/src/Illuminate/Container/Container.php(637): Illuminate\\Foundation\\Application->resolve()
#5 /home/mohamed/Desktop/laravel/laravel-twitter-clone/vendor/laravel/framework/src/Illuminate/Foundation/Application.php(781): Illuminate\\Container\\Container->make()
#6 /home/mohamed/Desktop/laravel/laravel-twitter-clone/vendor/laravel/framework/src/Illuminate/Container/Container.php(1284): Illuminate\\Foundation\\Application->make()
#7 /home/mohamed/Desktop/laravel/laravel-twitter-clone/vendor/laravel/framework/src/Illuminate/View/ViewServiceProvider.php(151): Illuminate\\Container\\Container->offsetGet()
#8 [internal function]: Illuminate\\View\\ViewServiceProvider->Illuminate\\View\\{closure}()
#9 /home/mohamed/Desktop/laravel/laravel-twitter-clone/vendor/laravel/framework/src/Illuminate/View/Engines/EngineResolver.php(55): call_user_func()
#10 /home/mohamed/Desktop/laravel/laravel-twitter-clone/vendor/facade/ignition/src/IgnitionServiceProvider.php(385): Illuminate\\View\\Engines\\EngineResolver->resolve()
#11 /home/mohamed/Desktop/laravel/laravel-twitter-clone/vendor/facade/ignition/src/IgnitionServiceProvider.php(123): Facade\\Ignition\\IgnitionServiceProvider->hasCustomViewEnginesRegistered()
#12 /home/mohamed/Desktop/laravel/laravel-twitter-clone/vendor/facade/ignition/src/IgnitionServiceProvider.php(82): Facade\\Ignition\\IgnitionServiceProvider->registerViewEngines()
#13 [internal function]: Facade\\Ignition\\IgnitionServiceProvider->boot()
#14 /home/mohamed/Desktop/laravel/laravel-twitter-clone/vendor/laravel/framework/src/Illuminate/Container/BoundMethod.php(37): call_user_func_array()
#15 /home/mohamed/Desktop/laravel/laravel-twitter-clone/vendor/laravel/framework/src/Illuminate/Container/Util.php(37): Illuminate\\Container\\BoundMethod::Illuminate\\Container\\{closure}()
#16 /home/mohamed/Desktop/laravel/laravel-twitter-clone/vendor/laravel/framework/src/Illuminate/Container/BoundMethod.php(95): Illuminate\\Container\\Util::unwrapIfClosure()
#17 /home/mohamed/Desktop/laravel/laravel-twitter-clone/vendor/laravel/framework/src/Illuminate/Container/BoundMethod.php(39): Illuminate\\Container\\BoundMethod::callBoundMethod()
#18 /home/mohamed/Desktop/laravel/laravel-twitter-clone/vendor/laravel/framework/src/Illuminate/Container/Container.php(596): Illuminate\\Container\\BoundMethod::call()
#19 /home/mohamed/Desktop/laravel/laravel-twitter-clone/vendor/laravel/framework/src/Illuminate/Foundation/Application.php(867): Illuminate\\Container\\Container->call()
#20 /home/mohamed/Desktop/laravel/laravel-twitter-clone/vendor/laravel/framework/src/Illuminate/Foundation/Application.php(850): Illuminate\\Foundation\\Application->bootProvider()
#21 [internal function]: Illuminate\\Foundation\\Application->Illuminate\\Foundation\\{closure}()
#22 /home/mohamed/Desktop/laravel/laravel-twitter-clone/vendor/laravel/framework/src/Illuminate/Foundation/Application.php(851): array_walk()
#23 /home/mohamed/Desktop/laravel/laravel-twitter-clone/vendor/laravel/framework/src/Illuminate/Foundation/Bootstrap/BootProviders.php(17): Illuminate\\Foundation\\Application->boot()
#24 /home/mohamed/Desktop/laravel/laravel-twitter-clone/vendor/laravel/framework/src/Illuminate/Foundation/Application.php(230): Illuminate\\Foundation\\Bootstrap\\BootProviders->bootstrap()
#25 /home/mohamed/Desktop/laravel/laravel-twitter-clone/vendor/laravel/framework/src/Illuminate/Foundation/Console/Kernel.php(310): Illuminate\\Foundation\\Application->bootstrapWith()
#26 /home/mohamed/Desktop/laravel/laravel-twitter-clone/vendor/laravel/framework/src/Illuminate/Foundation/Console/Kernel.php(127): Illuminate\\Foundation\\Console\\Kernel->bootstrap()
#27 /home/mohamed/Desktop/laravel/laravel-twitter-clone/artisan(37): Illuminate\\Foundation\\Console\\Kernel->handle()
#28 {main}
"} 
[2020-09-22 09:05:26] local.ERROR: Disk [public] does not have a configured driver. {"userId":1,"exception":"[object] (InvalidArgumentException(code: 0): Disk [public] does not have a configured driver. at /home/mohamed/Desktop/laravel/laravel-twitter-clone/vendor/laravel/framework/src/Illuminate/Filesystem/FilesystemManager.php:117)
[stacktrace]
#0 /home/mohamed/Desktop/laravel/laravel-twitter-clone/vendor/laravel/framework/src/Illuminate/Filesystem/FilesystemManager.php(101): Illuminate\\Filesystem\\FilesystemManager->resolve()
#1 /home/mohamed/Desktop/laravel/laravel-twitter-clone/vendor/laravel/framework/src/Illuminate/Filesystem/FilesystemManager.php(78): Illuminate\\Filesystem\\FilesystemManager->get()
#2 /home/mohamed/Desktop/laravel/laravel-twitter-clone/vendor/laravel/framework/src/Illuminate/Http/UploadedFile.php(86): Illuminate\\Filesystem\\FilesystemManager->disk()
#3 /home/mohamed/Desktop/laravel/laravel-twitter-clone/vendor/laravel/framework/src/Illuminate/Http/UploadedFile.php(36): Illuminate\\Http\\UploadedFile->storeAs()
#4 /home/mohamed/Desktop/laravel/laravel-twitter-clone/app/Http/Controllers/ProfileController.php(103): Illuminate\\Http\\UploadedFile->store()
#5 /home/mohamed/Desktop/laravel/laravel-twitter-clone/app/Http/Controllers/ProfileController.php(33): App\\Http\\Controllers\\ProfileController->manageImage()
#6 [internal function]: App\\Http\\Controllers\\ProfileController->update()
#7 /home/mohamed/Desktop/laravel/laravel-twitter-clone/vendor/laravel/framework/src/Illuminate/Routing/Controller.php(54): call_user_func_array()
#8 /home/mohamed/Desktop/laravel/laravel-twitter-clone/vendor/laravel/framework/src/Illuminate/Routing/ControllerDispatcher.php(45): Illuminate\\Routing\\Controller->callAction()
#9 /home/mohamed/Desktop/laravel/laravel-twitter-clone/vendor/laravel/framework/src/Illuminate/Routing/Route.php(239): Illuminate\\Routing\\ControllerDispatcher->dispatch()
#10 /home/mohamed/Desktop/laravel/laravel-twitter-clone/vendor/laravel/framework/src/Illuminate/Routing/Route.php(196): Illuminate\\Routing\\Route->runController()
#11 /home/mohamed/Desktop/laravel/laravel-twitter-clone/vendor/laravel/framework/src/Illuminate/Routing/Router.php(685): Illuminate\\Routing\\Route->run()
#12 /home/mohamed/Desktop/laravel/laravel-twitter-clone/vendor/laravel/framework/src/Illuminate/Pipeline/Pipeline.php(128): Illuminate\\Routing\\Router->Illuminate\\Routing\\{closure}()
#13 /home/mohamed/Desktop/laravel/laravel-twitter-clone/vendor/laravel/framework/src/Illuminate/Routing/Middleware/SubstituteBindings.php(41): Illuminate\\Pipeline\\Pipeline->Illuminate\\Pipeline\\{closure}()
#14 /home/mohamed/Desktop/laravel/laravel-twitter-clone/vendor/laravel/framework/src/Illuminate/Pipeline/Pipeline.php(167): Illuminate\\Routing\\Middleware\\SubstituteBindings->handle()
#15 /home/mohamed/Desktop/laravel/laravel-twitter-clone/vendor/laravel/framework/src/Illuminate/Auth/Middleware/Authenticate.php(44): Illuminate\\Pipeline\\Pipeline->Illuminate\\Pipeline\\{closure}()
#16 /home/mohamed/Desktop/laravel/laravel-twitter-clone/vendor/laravel/framework/src/Illuminate/Pipeline/Pipeline.php(167): Illuminate\\Auth\\Middleware\\Authenticate->handle()
#17 /home/mohamed/Desktop/laravel/laravel-twitter-clone/vendor/laravel/framework/src/Illuminate/Foundation/Http/Middleware/VerifyCsrfToken.php(77): Illuminate\\Pipeline\\Pipeline->Illuminate\\Pipeline\\{closure}()
#18 /home/mohamed/Desktop/laravel/laravel-twitter-clone/vendor/laravel/framework/src/Illuminate/Pipeline/Pipeline.php(167): Illuminate\\Foundation\\Http\\Middleware\\VerifyCsrfToken->handle()
#19 /home/mohamed/Desktop/laravel/laravel-twitter-clone/vendor/laravel/framework/src/Illuminate/View/Middleware/ShareErrorsFromSession.php(49): Illuminate\\Pipeline\\Pipeline->Illuminate\\Pipeline\\{closure}()
#20 /home/mohamed/Desktop/laravel/laravel-twitter-clone/vendor/laravel/framework/src/Illuminate/Pipeline/Pipeline.php(167): Illuminate\\View\\Middleware\\ShareErrorsFromSession->handle()
#21 /home/mohamed/Desktop/laravel/laravel-twitter-clone/vendor/laravel/framework/src/Illuminate/Session/Middleware/StartSession.php(116): Illuminate\\Pipeline\\Pipeline->Illuminate\\Pipeline\\{closure}()
#22 /home/mohamed/Desktop/laravel/laravel-twitter-clone/vendor/laravel/framework/src/Illuminate/Session/Middleware/StartSession.php(62): Illuminate\\Session\\Middleware\\StartSession->handleStatefulRequest()
#23 /home/mohamed/Desktop/laravel/laravel-twitter-clone/vendor/laravel/framework/src/Illuminate/Pipeline/Pipeline.php(167): Illuminate\\Session\\Middleware\\StartSession->handle()
#24 /home/mohamed/Desktop/laravel/laravel-twitter-clone/vendor/laravel/framework/src/Illuminate/Cookie/Middleware/AddQueuedCookiesToResponse.php(37): Illuminate\\Pipeline\\Pipeline->Illuminate\\Pipeline\\{closure}()
#25 /home/mohamed/Desktop/laravel/laravel-twitter-clone/vendor/laravel/framework/src/Illuminate/Pipeline/Pipeline.php(167): Illuminate\\Cookie\\Middleware\\AddQueuedCookiesToResponse->handle()
#26 /home/mohamed/Desktop/laravel/laravel-twitter-clone/vendor/laravel/framework/src/Illuminate/Cookie/Middleware/EncryptCookies.php(67): Illuminate\\Pipeline\\Pipeline->Illuminate\\Pipeline\\{closure}()
#27 /home/mohamed/Desktop/laravel/laravel-twitter-clone/vendor/laravel/framework/src/Illuminate/Pipeline/Pipeline.php(167): Illuminate\\Cookie\\Middleware\\EncryptCookies->handle()
#28 /home/mohamed/Desktop/laravel/laravel-twitter-clone/vendor/laravel/framework/src/Illuminate/Pipeline/Pipeline.php(103): Illuminate\\Pipeline\\Pipeline->Illuminate\\Pipeline\\{closure}()
#29 /home/mohamed/Desktop/laravel/laravel-twitter-clone/vendor/laravel/framework/src/Illuminate/Routing/Router.php(687): Illuminate\\Pipeline\\Pipeline->then()
#30 /home/mohamed/Desktop/laravel/laravel-twitter-clone/vendor/laravel/framework/src/Illuminate/Routing/Router.php(662): Illuminate\\Routing\\Router->runRouteWithinStack()
#31 /home/mohamed/Desktop/laravel/laravel-twitter-clone/vendor/laravel/framework/src/Illuminate/Routing/Router.php(628): Illuminate\\Routing\\Router->runRoute()
#32 /home/mohamed/Desktop/laravel/laravel-twitter-clone/vendor/laravel/framework/src/Illuminate/Routing/Router.php(617): Illuminate\\Routing\\Router->dispatchToRoute()
#33 /home/mohamed/Desktop/laravel/laravel-twitter-clone/vendor/laravel/framework/src/Illuminate/Foundation/Http/Kernel.php(165): Illuminate\\Routing\\Router->dispatch()
#34 /home/mohamed/Desktop/laravel/laravel-twitter-clone/vendor/laravel/framework/src/Illuminate/Pipeline/Pipeline.php(128): Illuminate\\Foundation\\Http\\Kernel->Illuminate\\Foundation\\Http\\{closure}()
#35 /home/mohamed/Desktop/laravel/laravel-twitter-clone/vendor/laravel/framework/src/Illuminate/Foundation/Http/Middleware/TransformsRequest.php(21): Illuminate\\Pipeline\\Pipeline->Illuminate\\Pipeline\\{closure}()
#36 /home/mohamed/Desktop/laravel/laravel-twitter-clone/vendor/laravel/framework/src/Illuminate/Pipeline/Pipeline.php(167): Illuminate\\Foundation\\Http\\Middleware\\TransformsRequest->handle()
#37 /home/mohamed/Desktop/laravel/laravel-twitter-clone/vendor/laravel/framework/src/Illuminate/Foundation/Http/Middleware/TransformsRequest.php(21): Illuminate\\Pipeline\\Pipeline->Illuminate\\Pipeline\\{closure}()
#38 /home/mohamed/Desktop/laravel/laravel-twitter-clone/vendor/laravel/framework/src/Illuminate/Pipeline/Pipeline.php(167): Illuminate\\Foundation\\Http\\Middleware\\TransformsRequest->handle()
#39 /home/mohamed/Desktop/laravel/laravel-twitter-clone/vendor/laravel/framework/src/Illuminate/Foundation/Http/Middleware/ValidatePostSize.php(27): Illuminate\\Pipeline\\Pipeline->Illuminate\\Pipeline\\{closure}()
#40 /home/mohamed/Desktop/laravel/laravel-twitter-clone/vendor/laravel/framework/src/Illuminate/Pipeline/Pipeline.php(167): Illuminate\\Foundation\\Http\\Middleware\\ValidatePostSize->handle()
#41 /home/mohamed/Desktop/laravel/laravel-twitter-clone/vendor/laravel/framework/src/Illuminate/Foundation/Http/Middleware/CheckForMaintenanceMode.php(63): Illuminate\\Pipeline\\Pipeline->Illuminate\\Pipeline\\{closure}()
#42 /home/mohamed/Desktop/laravel/laravel-twitter-clone/vendor/laravel/framework/src/Illuminate/Pipeline/Pipeline.php(167): Illuminate\\Foundation\\Http\\Middleware\\CheckForMaintenanceMode->handle()
#43 /home/mohamed/Desktop/laravel/laravel-twitter-clone/vendor/fruitcake/laravel-cors/src/HandleCors.php(37): Illuminate\\Pipeline\\Pipeline->Illuminate\\Pipeline\\{closure}()
#44 /home/mohamed/Desktop/laravel/laravel-twitter-clone/vendor/laravel/framework/src/Illuminate/Pipeline/Pipeline.php(167): Fruitcake\\Cors\\HandleCors->handle()
#45 /home/mohamed/Desktop/laravel/laravel-twitter-clone/vendor/fideloper/proxy/src/TrustProxies.php(57): Illuminate\\Pipeline\\Pipeline->Illuminate\\Pipeline\\{closure}()
#46 /home/mohamed/Desktop/laravel/laravel-twitter-clone/vendor/laravel/framework/src/Illuminate/Pipeline/Pipeline.php(167): Fideloper\\Proxy\\TrustProxies->handle()
#47 /home/mohamed/Desktop/laravel/laravel-twitter-clone/vendor/laravel/framework/src/Illuminate/Pipeline/Pipeline.php(103): Illuminate\\Pipeline\\Pipeline->Illuminate\\Pipeline\\{closure}()
#48 /home/mohamed/Desktop/laravel/laravel-twitter-clone/vendor/laravel/framework/src/Illuminate/Foundation/Http/Kernel.php(140): Illuminate\\Pipeline\\Pipeline->then()
#49 /home/mohamed/Desktop/laravel/laravel-twitter-clone/vendor/laravel/framework/src/Illuminate/Foundation/Http/Kernel.php(109): Illuminate\\Foundation\\Http\\Kernel->sendRequestThroughRouter()
#50 /home/mohamed/Desktop/laravel/laravel-twitter-clone/public/index.php(55): Illuminate\\Foundation\\Http\\Kernel->handle()
#51 /home/mohamed/Desktop/laravel/laravel-twitter-clone/server.php(21): require_once('/home/mohamed/D...')
#52 {main}
"} 
[2020-09-22 09:06:45] local.ERROR: Disk [public] does not have a configured driver. {"userId":1,"exception":"[object] (InvalidArgumentException(code: 0): Disk [public] does not have a configured driver. at /home/mohamed/Desktop/laravel/laravel-twitter-clone/vendor/laravel/framework/src/Illuminate/Filesystem/FilesystemManager.php:117)
[stacktrace]
#0 /home/mohamed/Desktop/laravel/laravel-twitter-clone/vendor/laravel/framework/src/Illuminate/Filesystem/FilesystemManager.php(101): Illuminate\\Filesystem\\FilesystemManager->resolve()
#1 /home/mohamed/Desktop/laravel/laravel-twitter-clone/vendor/laravel/framework/src/Illuminate/Filesystem/FilesystemManager.php(78): Illuminate\\Filesystem\\FilesystemManager->get()
#2 /home/mohamed/Desktop/laravel/laravel-twitter-clone/vendor/laravel/framework/src/Illuminate/Http/UploadedFile.php(86): Illuminate\\Filesystem\\FilesystemManager->disk()
#3 /home/mohamed/Desktop/laravel/laravel-twitter-clone/vendor/laravel/framework/src/Illuminate/Http/UploadedFile.php(36): Illuminate\\Http\\UploadedFile->storeAs()
#4 /home/mohamed/Desktop/laravel/laravel-twitter-clone/app/Http/Controllers/ProfileController.php(103): Illuminate\\Http\\UploadedFile->store()
#5 /home/mohamed/Desktop/laravel/laravel-twitter-clone/app/Http/Controllers/ProfileController.php(33): App\\Http\\Controllers\\ProfileController->manageImage()
#6 [internal function]: App\\Http\\Controllers\\ProfileController->update()
#7 /home/mohamed/Desktop/laravel/laravel-twitter-clone/vendor/laravel/framework/src/Illuminate/Routing/Controller.php(54): call_user_func_array()
#8 /home/mohamed/Desktop/laravel/laravel-twitter-clone/vendor/laravel/framework/src/Illuminate/Routing/ControllerDispatcher.php(45): Illuminate\\Routing\\Controller->callAction()
#9 /home/mohamed/Desktop/laravel/laravel-twitter-clone/vendor/laravel/framework/src/Illuminate/Routing/Route.php(239): Illuminate\\Routing\\ControllerDispatcher->dispatch()
#10 /home/mohamed/Desktop/laravel/laravel-twitter-clone/vendor/laravel/framework/src/Illuminate/Routing/Route.php(196): Illuminate\\Routing\\Route->runController()
#11 /home/mohamed/Desktop/laravel/laravel-twitter-clone/vendor/laravel/framework/src/Illuminate/Routing/Router.php(685): Illuminate\\Routing\\Route->run()
#12 /home/mohamed/Desktop/laravel/laravel-twitter-clone/vendor/laravel/framework/src/Illuminate/Pipeline/Pipeline.php(128): Illuminate\\Routing\\Router->Illuminate\\Routing\\{closure}()
#13 /home/mohamed/Desktop/laravel/laravel-twitter-clone/vendor/laravel/framework/src/Illuminate/Routing/Middleware/SubstituteBindings.php(41): Illuminate\\Pipeline\\Pipeline->Illuminate\\Pipeline\\{closure}()
#14 /home/mohamed/Desktop/laravel/laravel-twitter-clone/vendor/laravel/framework/src/Illuminate/Pipeline/Pipeline.php(167): Illuminate\\Routing\\Middleware\\SubstituteBindings->handle()
#15 /home/mohamed/Desktop/laravel/laravel-twitter-clone/vendor/laravel/framework/src/Illuminate/Auth/Middleware/Authenticate.php(44): Illuminate\\Pipeline\\Pipeline->Illuminate\\Pipeline\\{closure}()
#16 /home/mohamed/Desktop/laravel/laravel-twitter-clone/vendor/laravel/framework/src/Illuminate/Pipeline/Pipeline.php(167): Illuminate\\Auth\\Middleware\\Authenticate->handle()
#17 /home/mohamed/Desktop/laravel/laravel-twitter-clone/vendor/laravel/framework/src/Illuminate/Foundation/Http/Middleware/VerifyCsrfToken.php(77): Illuminate\\Pipeline\\Pipeline->Illuminate\\Pipeline\\{closure}()
#18 /home/mohamed/Desktop/laravel/laravel-twitter-clone/vendor/laravel/framework/src/Illuminate/Pipeline/Pipeline.php(167): Illuminate\\Foundation\\Http\\Middleware\\VerifyCsrfToken->handle()
#19 /home/mohamed/Desktop/laravel/laravel-twitter-clone/vendor/laravel/framework/src/Illuminate/View/Middleware/ShareErrorsFromSession.php(49): Illuminate\\Pipeline\\Pipeline->Illuminate\\Pipeline\\{closure}()
#20 /home/mohamed/Desktop/laravel/laravel-twitter-clone/vendor/laravel/framework/src/Illuminate/Pipeline/Pipeline.php(167): Illuminate\\View\\Middleware\\ShareErrorsFromSession->handle()
#21 /home/mohamed/Desktop/laravel/laravel-twitter-clone/vendor/laravel/framework/src/Illuminate/Session/Middleware/StartSession.php(116): Illuminate\\Pipeline\\Pipeline->Illuminate\\Pipeline\\{closure}()
#22 /home/mohamed/Desktop/laravel/laravel-twitter-clone/vendor/laravel/framework/src/Illuminate/Session/Middleware/StartSession.php(62): Illuminate\\Session\\Middleware\\StartSession->handleStatefulRequest()
#23 /home/mohamed/Desktop/laravel/laravel-twitter-clone/vendor/laravel/framework/src/Illuminate/Pipeline/Pipeline.php(167): Illuminate\\Session\\Middleware\\StartSession->handle()
#24 /home/mohamed/Desktop/laravel/laravel-twitter-clone/vendor/laravel/framework/src/Illuminate/Cookie/Middleware/AddQueuedCookiesToResponse.php(37): Illuminate\\Pipeline\\Pipeline->Illuminate\\Pipeline\\{closure}()
#25 /home/mohamed/Desktop/laravel/laravel-twitter-clone/vendor/laravel/framework/src/Illuminate/Pipeline/Pipeline.php(167): Illuminate\\Cookie\\Middleware\\AddQueuedCookiesToResponse->handle()
#26 /home/mohamed/Desktop/laravel/laravel-twitter-clone/vendor/laravel/framework/src/Illuminate/Cookie/Middleware/EncryptCookies.php(67): Illuminate\\Pipeline\\Pipeline->Illuminate\\Pipeline\\{closure}()
#27 /home/mohamed/Desktop/laravel/laravel-twitter-clone/vendor/laravel/framework/src/Illuminate/Pipeline/Pipeline.php(167): Illuminate\\Cookie\\Middleware\\EncryptCookies->handle()
#28 /home/mohamed/Desktop/laravel/laravel-twitter-clone/vendor/laravel/framework/src/Illuminate/Pipeline/Pipeline.php(103): Illuminate\\Pipeline\\Pipeline->Illuminate\\Pipeline\\{closure}()
#29 /home/mohamed/Desktop/laravel/laravel-twitter-clone/vendor/laravel/framework/src/Illuminate/Routing/Router.php(687): Illuminate\\Pipeline\\Pipeline->then()
#30 /home/mohamed/Desktop/laravel/laravel-twitter-clone/vendor/laravel/framework/src/Illuminate/Routing/Router.php(662): Illuminate\\Routing\\Router->runRouteWithinStack()
#31 /home/mohamed/Desktop/laravel/laravel-twitter-clone/vendor/laravel/framework/src/Illuminate/Routing/Router.php(628): Illuminate\\Routing\\Router->runRoute()
#32 /home/mohamed/Desktop/laravel/laravel-twitter-clone/vendor/laravel/framework/src/Illuminate/Routing/Router.php(617): Illuminate\\Routing\\Router->dispatchToRoute()
#33 /home/mohamed/Desktop/laravel/laravel-twitter-clone/vendor/laravel/framework/src/Illuminate/Foundation/Http/Kernel.php(165): Illuminate\\Routing\\Router->dispatch()
#34 /home/mohamed/Desktop/laravel/laravel-twitter-clone/vendor/laravel/framework/src/Illuminate/Pipeline/Pipeline.php(128): Illuminate\\Foundation\\Http\\Kernel->Illuminate\\Foundation\\Http\\{closure}()
#35 /home/mohamed/Desktop/laravel/laravel-twitter-clone/vendor/laravel/framework/src/Illuminate/Foundation/Http/Middleware/TransformsRequest.php(21): Illuminate\\Pipeline\\Pipeline->Illuminate\\Pipeline\\{closure}()
#36 /home/mohamed/Desktop/laravel/laravel-twitter-clone/vendor/laravel/framework/src/Illuminate/Pipeline/Pipeline.php(167): Illuminate\\Foundation\\Http\\Middleware\\TransformsRequest->handle()
#37 /home/mohamed/Desktop/laravel/laravel-twitter-clone/vendor/laravel/framework/src/Illuminate/Foundation/Http/Middleware/TransformsRequest.php(21): Illuminate\\Pipeline\\Pipeline->Illuminate\\Pipeline\\{closure}()
#38 /home/mohamed/Desktop/laravel/laravel-twitter-clone/vendor/laravel/framework/src/Illuminate/Pipeline/Pipeline.php(167): Illuminate\\Foundation\\Http\\Middleware\\TransformsRequest->handle()
#39 /home/mohamed/Desktop/laravel/laravel-twitter-clone/vendor/laravel/framework/src/Illuminate/Foundation/Http/Middleware/ValidatePostSize.php(27): Illuminate\\Pipeline\\Pipeline->Illuminate\\Pipeline\\{closure}()
#40 /home/mohamed/Desktop/laravel/laravel-twitter-clone/vendor/laravel/framework/src/Illuminate/Pipeline/Pipeline.php(167): Illuminate\\Foundation\\Http\\Middleware\\ValidatePostSize->handle()
#41 /home/mohamed/Desktop/laravel/laravel-twitter-clone/vendor/laravel/framework/src/Illuminate/Foundation/Http/Middleware/CheckForMaintenanceMode.php(63): Illuminate\\Pipeline\\Pipeline->Illuminate\\Pipeline\\{closure}()
#42 /home/mohamed/Desktop/laravel/laravel-twitter-clone/vendor/laravel/framework/src/Illuminate/Pipeline/Pipeline.php(167): Illuminate\\Foundation\\Http\\Middleware\\CheckForMaintenanceMode->handle()
#43 /home/mohamed/Desktop/laravel/laravel-twitter-clone/vendor/fruitcake/laravel-cors/src/HandleCors.php(37): Illuminate\\Pipeline\\Pipeline->Illuminate\\Pipeline\\{closure}()
#44 /home/mohamed/Desktop/laravel/laravel-twitter-clone/vendor/laravel/framework/src/Illuminate/Pipeline/Pipeline.php(167): Fruitcake\\Cors\\HandleCors->handle()
#45 /home/mohamed/Desktop/laravel/laravel-twitter-clone/vendor/fideloper/proxy/src/TrustProxies.php(57): Illuminate\\Pipeline\\Pipeline->Illuminate\\Pipeline\\{closure}()
#46 /home/mohamed/Desktop/laravel/laravel-twitter-clone/vendor/laravel/framework/src/Illuminate/Pipeline/Pipeline.php(167): Fideloper\\Proxy\\TrustProxies->handle()
#47 /home/mohamed/Desktop/laravel/laravel-twitter-clone/vendor/laravel/framework/src/Illuminate/Pipeline/Pipeline.php(103): Illuminate\\Pipeline\\Pipeline->Illuminate\\Pipeline\\{closure}()
#48 /home/mohamed/Desktop/laravel/laravel-twitter-clone/vendor/laravel/framework/src/Illuminate/Foundation/Http/Kernel.php(140): Illuminate\\Pipeline\\Pipeline->then()
#49 /home/mohamed/Desktop/laravel/laravel-twitter-clone/vendor/laravel/framework/src/Illuminate/Foundation/Http/Kernel.php(109): Illuminate\\Foundation\\Http\\Kernel->sendRequestThroughRouter()
#50 /home/mohamed/Desktop/laravel/laravel-twitter-clone/public/index.php(55): Illuminate\\Foundation\\Http\\Kernel->handle()
#51 /home/mohamed/Desktop/laravel/laravel-twitter-clone/server.php(21): require_once('/home/mohamed/D...')
#52 {main}
"} 
[2020-09-22 09:30:45] local.ERROR: unlink(/home/mohamed/Desktop/laravel/laravel-twitter-clone/public/uploads/personal/personal5f69c19134dc62.02278554.jpeg): No such file or directory {"userId":1,"exception":"[object] (ErrorException(code: 0): unlink(/home/mohamed/Desktop/laravel/laravel-twitter-clone/public/uploads/personal/personal5f69c19134dc62.02278554.jpeg): No such file or directory at /home/mohamed/Desktop/laravel/laravel-twitter-clone/app/Http/Controllers/ProfileController.php:102)
[stacktrace]
#0 [internal function]: Illuminate\\Foundation\\Bootstrap\\HandleExceptions->handleError()
#1 /home/mohamed/Desktop/laravel/laravel-twitter-clone/app/Http/Controllers/ProfileController.php(102): unlink()
#2 /home/mohamed/Desktop/laravel/laravel-twitter-clone/app/Http/Controllers/ProfileController.php(33): App\\Http\\Controllers\\ProfileController->manageImage()
#3 [internal function]: App\\Http\\Controllers\\ProfileController->update()
#4 /home/mohamed/Desktop/laravel/laravel-twitter-clone/vendor/laravel/framework/src/Illuminate/Routing/Controller.php(54): call_user_func_array()
#5 /home/mohamed/Desktop/laravel/laravel-twitter-clone/vendor/laravel/framework/src/Illuminate/Routing/ControllerDispatcher.php(45): Illuminate\\Routing\\Controller->callAction()
#6 /home/mohamed/Desktop/laravel/laravel-twitter-clone/vendor/laravel/framework/src/Illuminate/Routing/Route.php(239): Illuminate\\Routing\\ControllerDispatcher->dispatch()
#7 /home/mohamed/Desktop/laravel/laravel-twitter-clone/vendor/laravel/framework/src/Illuminate/Routing/Route.php(196): Illuminate\\Routing\\Route->runController()
#8 /home/mohamed/Desktop/laravel/laravel-twitter-clone/vendor/laravel/framework/src/Illuminate/Routing/Router.php(685): Illuminate\\Routing\\Route->run()
#9 /home/mohamed/Desktop/laravel/laravel-twitter-clone/vendor/laravel/framework/src/Illuminate/Pipeline/Pipeline.php(128): Illuminate\\Routing\\Router->Illuminate\\Routing\\{closure}()
#10 /home/mohamed/Desktop/laravel/laravel-twitter-clone/vendor/laravel/framework/src/Illuminate/Routing/Middleware/SubstituteBindings.php(41): Illuminate\\Pipeline\\Pipeline->Illuminate\\Pipeline\\{closure}()
#11 /home/mohamed/Desktop/laravel/laravel-twitter-clone/vendor/laravel/framework/src/Illuminate/Pipeline/Pipeline.php(167): Illuminate\\Routing\\Middleware\\SubstituteBindings->handle()
#12 /home/mohamed/Desktop/laravel/laravel-twitter-clone/vendor/laravel/framework/src/Illuminate/Auth/Middleware/Authenticate.php(44): Illuminate\\Pipeline\\Pipeline->Illuminate\\Pipeline\\{closure}()
#13 /home/mohamed/Desktop/laravel/laravel-twitter-clone/vendor/laravel/framework/src/Illuminate/Pipeline/Pipeline.php(167): Illuminate\\Auth\\Middleware\\Authenticate->handle()
#14 /home/mohamed/Desktop/laravel/laravel-twitter-clone/vendor/laravel/framework/src/Illuminate/Foundation/Http/Middleware/VerifyCsrfToken.php(77): Illuminate\\Pipeline\\Pipeline->Illuminate\\Pipeline\\{closure}()
#15 /home/mohamed/Desktop/laravel/laravel-twitter-clone/vendor/laravel/framework/src/Illuminate/Pipeline/Pipeline.php(167): Illuminate\\Foundation\\Http\\Middleware\\VerifyCsrfToken->handle()
#16 /home/mohamed/Desktop/laravel/laravel-twitter-clone/vendor/laravel/framework/src/Illuminate/View/Middleware/ShareErrorsFromSession.php(49): Illuminate\\Pipeline\\Pipeline->Illuminate\\Pipeline\\{closure}()
#17 /home/mohamed/Desktop/laravel/laravel-twitter-clone/vendor/laravel/framework/src/Illuminate/Pipeline/Pipeline.php(167): Illuminate\\View\\Middleware\\ShareErrorsFromSession->handle()
#18 /home/mohamed/Desktop/laravel/laravel-twitter-clone/vendor/laravel/framework/src/Illuminate/Session/Middleware/StartSession.php(116): Illuminate\\Pipeline\\Pipeline->Illuminate\\Pipeline\\{closure}()
#19 /home/mohamed/Desktop/laravel/laravel-twitter-clone/vendor/laravel/framework/src/Illuminate/Session/Middleware/StartSession.php(62): Illuminate\\Session\\Middleware\\StartSession->handleStatefulRequest()
#20 /home/mohamed/Desktop/laravel/laravel-twitter-clone/vendor/laravel/framework/src/Illuminate/Pipeline/Pipeline.php(167): Illuminate\\Session\\Middleware\\StartSession->handle()
#21 /home/mohamed/Desktop/laravel/laravel-twitter-clone/vendor/laravel/framework/src/Illuminate/Cookie/Middleware/AddQueuedCookiesToResponse.php(37): Illuminate\\Pipeline\\Pipeline->Illuminate\\Pipeline\\{closure}()
#22 /home/mohamed/Desktop/laravel/laravel-twitter-clone/vendor/laravel/framework/src/Illuminate/Pipeline/Pipeline.php(167): Illuminate\\Cookie\\Middleware\\AddQueuedCookiesToResponse->handle()
#23 /home/mohamed/Desktop/laravel/laravel-twitter-clone/vendor/laravel/framework/src/Illuminate/Cookie/Middleware/EncryptCookies.php(67): Illuminate\\Pipeline\\Pipeline->Illuminate\\Pipeline\\{closure}()
#24 /home/mohamed/Desktop/laravel/laravel-twitter-clone/vendor/laravel/framework/src/Illuminate/Pipeline/Pipeline.php(167): Illuminate\\Cookie\\Middleware\\EncryptCookies->handle()
#25 /home/mohamed/Desktop/laravel/laravel-twitter-clone/vendor/laravel/framework/src/Illuminate/Pipeline/Pipeline.php(103): Illuminate\\Pipeline\\Pipeline->Illuminate\\Pipeline\\{closure}()
#26 /home/mohamed/Desktop/laravel/laravel-twitter-clone/vendor/laravel/framework/src/Illuminate/Routing/Router.php(687): Illuminate\\Pipeline\\Pipeline->then()
#27 /home/mohamed/Desktop/laravel/laravel-twitter-clone/vendor/laravel/framework/src/Illuminate/Routing/Router.php(662): Illuminate\\Routing\\Router->runRouteWithinStack()
#28 /home/mohamed/Desktop/laravel/laravel-twitter-clone/vendor/laravel/framework/src/Illuminate/Routing/Router.php(628): Illuminate\\Routing\\Router->runRoute()
#29 /home/mohamed/Desktop/laravel/laravel-twitter-clone/vendor/laravel/framework/src/Illuminate/Routing/Router.php(617): Illuminate\\Routing\\Router->dispatchToRoute()
#30 /home/mohamed/Desktop/laravel/laravel-twitter-clone/vendor/laravel/framework/src/Illuminate/Foundation/Http/Kernel.php(165): Illuminate\\Routing\\Router->dispatch()
#31 /home/mohamed/Desktop/laravel/laravel-twitter-clone/vendor/laravel/framework/src/Illuminate/Pipeline/Pipeline.php(128): Illuminate\\Foundation\\Http\\Kernel->Illuminate\\Foundation\\Http\\{closure}()
#32 /home/mohamed/Desktop/laravel/laravel-twitter-clone/vendor/laravel/framework/src/Illuminate/Foundation/Http/Middleware/TransformsRequest.php(21): Illuminate\\Pipeline\\Pipeline->Illuminate\\Pipeline\\{closure}()
#33 /home/mohamed/Desktop/laravel/laravel-twitter-clone/vendor/laravel/framework/src/Illuminate/Pipeline/Pipeline.php(167): Illuminate\\Foundation\\Http\\Middleware\\TransformsRequest->handle()
#34 /home/mohamed/Desktop/laravel/laravel-twitter-clone/vendor/laravel/framework/src/Illuminate/Foundation/Http/Middleware/TransformsRequest.php(21): Illuminate\\Pipeline\\Pipeline->Illuminate\\Pipeline\\{closure}()
#35 /home/mohamed/Desktop/laravel/laravel-twitter-clone/vendor/laravel/framework/src/Illuminate/Pipeline/Pipeline.php(167): Illuminate\\Foundation\\Http\\Middleware\\TransformsRequest->handle()
#36 /home/mohamed/Desktop/laravel/laravel-twitter-clone/vendor/laravel/framework/src/Illuminate/Foundation/Http/Middleware/ValidatePostSize.php(27): Illuminate\\Pipeline\\Pipeline->Illuminate\\Pipeline\\{closure}()
#37 /home/mohamed/Desktop/laravel/laravel-twitter-clone/vendor/laravel/framework/src/Illuminate/Pipeline/Pipeline.php(167): Illuminate\\Foundation\\Http\\Middleware\\ValidatePostSize->handle()
#38 /home/mohamed/Desktop/laravel/laravel-twitter-clone/vendor/laravel/framework/src/Illuminate/Foundation/Http/Middleware/CheckForMaintenanceMode.php(63): Illuminate\\Pipeline\\Pipeline->Illuminate\\Pipeline\\{closure}()
#39 /home/mohamed/Desktop/laravel/laravel-twitter-clone/vendor/laravel/framework/src/Illuminate/Pipeline/Pipeline.php(167): Illuminate\\Foundation\\Http\\Middleware\\CheckForMaintenanceMode->handle()
#40 /home/mohamed/Desktop/laravel/laravel-twitter-clone/vendor/fruitcake/laravel-cors/src/HandleCors.php(37): Illuminate\\Pipeline\\Pipeline->Illuminate\\Pipeline\\{closure}()
#41 /home/mohamed/Desktop/laravel/laravel-twitter-clone/vendor/laravel/framework/src/Illuminate/Pipeline/Pipeline.php(167): Fruitcake\\Cors\\HandleCors->handle()
#42 /home/mohamed/Desktop/laravel/laravel-twitter-clone/vendor/fideloper/proxy/src/TrustProxies.php(57): Illuminate\\Pipeline\\Pipeline->Illuminate\\Pipeline\\{closure}()
#43 /home/mohamed/Desktop/laravel/laravel-twitter-clone/vendor/laravel/framework/src/Illuminate/Pipeline/Pipeline.php(167): Fideloper\\Proxy\\TrustProxies->handle()
#44 /home/mohamed/Desktop/laravel/laravel-twitter-clone/vendor/laravel/framework/src/Illuminate/Pipeline/Pipeline.php(103): Illuminate\\Pipeline\\Pipeline->Illuminate\\Pipeline\\{closure}()
#45 /home/mohamed/Desktop/laravel/laravel-twitter-clone/vendor/laravel/framework/src/Illuminate/Foundation/Http/Kernel.php(140): Illuminate\\Pipeline\\Pipeline->then()
#46 /home/mohamed/Desktop/laravel/laravel-twitter-clone/vendor/laravel/framework/src/Illuminate/Foundation/Http/Kernel.php(109): Illuminate\\Foundation\\Http\\Kernel->sendRequestThroughRouter()
#47 /home/mohamed/Desktop/laravel/laravel-twitter-clone/public/index.php(55): Illuminate\\Foundation\\Http\\Kernel->handle()
#48 /home/mohamed/Desktop/laravel/laravel-twitter-clone/server.php(21): require_once('/home/mohamed/D...')
#49 {main}
"} 
[2020-09-22 09:36:09] local.ERROR: unlink(/home/mohamed/Desktop/laravel/laravel-twitter-clone/public/uploads/personal/Null): No such file or directory {"userId":1,"exception":"[object] (ErrorException(code: 0): unlink(/home/mohamed/Desktop/laravel/laravel-twitter-clone/public/uploads/personal/Null): No such file or directory at /home/mohamed/Desktop/laravel/laravel-twitter-clone/app/Http/Controllers/ProfileController.php:103)
[stacktrace]
#0 [internal function]: Illuminate\\Foundation\\Bootstrap\\HandleExceptions->handleError()
#1 /home/mohamed/Desktop/laravel/laravel-twitter-clone/app/Http/Controllers/ProfileController.php(103): unlink()
#2 /home/mohamed/Desktop/laravel/laravel-twitter-clone/app/Http/Controllers/ProfileController.php(33): App\\Http\\Controllers\\ProfileController->manageImage()
#3 [internal function]: App\\Http\\Controllers\\ProfileController->update()
#4 /home/mohamed/Desktop/laravel/laravel-twitter-clone/vendor/laravel/framework/src/Illuminate/Routing/Controller.php(54): call_user_func_array()
#5 /home/mohamed/Desktop/laravel/laravel-twitter-clone/vendor/laravel/framework/src/Illuminate/Routing/ControllerDispatcher.php(45): Illuminate\\Routing\\Controller->callAction()
#6 /home/mohamed/Desktop/laravel/laravel-twitter-clone/vendor/laravel/framework/src/Illuminate/Routing/Route.php(239): Illuminate\\Routing\\ControllerDispatcher->dispatch()
#7 /home/mohamed/Desktop/laravel/laravel-twitter-clone/vendor/laravel/framework/src/Illuminate/Routing/Route.php(196): Illuminate\\Routing\\Route->runController()
#8 /home/mohamed/Desktop/laravel/laravel-twitter-clone/vendor/laravel/framework/src/Illuminate/Routing/Router.php(685): Illuminate\\Routing\\Route->run()
#9 /home/mohamed/Desktop/laravel/laravel-twitter-clone/vendor/laravel/framework/src/Illuminate/Pipeline/Pipeline.php(128): Illuminate\\Routing\\Router->Illuminate\\Routing\\{closure}()
#10 /home/mohamed/Desktop/laravel/laravel-twitter-clone/vendor/laravel/framework/src/Illuminate/Routing/Middleware/SubstituteBindings.php(41): Illuminate\\Pipeline\\Pipeline->Illuminate\\Pipeline\\{closure}()
#11 /home/mohamed/Desktop/laravel/laravel-twitter-clone/vendor/laravel/framework/src/Illuminate/Pipeline/Pipeline.php(167): Illuminate\\Routing\\Middleware\\SubstituteBindings->handle()
#12 /home/mohamed/Desktop/laravel/laravel-twitter-clone/vendor/laravel/framework/src/Illuminate/Auth/Middleware/Authenticate.php(44): Illuminate\\Pipeline\\Pipeline->Illuminate\\Pipeline\\{closure}()
#13 /home/mohamed/Desktop/laravel/laravel-twitter-clone/vendor/laravel/framework/src/Illuminate/Pipeline/Pipeline.php(167): Illuminate\\Auth\\Middleware\\Authenticate->handle()
#14 /home/mohamed/Desktop/laravel/laravel-twitter-clone/vendor/laravel/framework/src/Illuminate/Foundation/Http/Middleware/VerifyCsrfToken.php(77): Illuminate\\Pipeline\\Pipeline->Illuminate\\Pipeline\\{closure}()
#15 /home/mohamed/Desktop/laravel/laravel-twitter-clone/vendor/laravel/framework/src/Illuminate/Pipeline/Pipeline.php(167): Illuminate\\Foundation\\Http\\Middleware\\VerifyCsrfToken->handle()
#16 /home/mohamed/Desktop/laravel/laravel-twitter-clone/vendor/laravel/framework/src/Illuminate/View/Middleware/ShareErrorsFromSession.php(49): Illuminate\\Pipeline\\Pipeline->Illuminate\\Pipeline\\{closure}()
#17 /home/mohamed/Desktop/laravel/laravel-twitter-clone/vendor/laravel/framework/src/Illuminate/Pipeline/Pipeline.php(167): Illuminate\\View\\Middleware\\ShareErrorsFromSession->handle()
#18 /home/mohamed/Desktop/laravel/laravel-twitter-clone/vendor/laravel/framework/src/Illuminate/Session/Middleware/StartSession.php(116): Illuminate\\Pipeline\\Pipeline->Illuminate\\Pipeline\\{closure}()
#19 /home/mohamed/Desktop/laravel/laravel-twitter-clone/vendor/laravel/framework/src/Illuminate/Session/Middleware/StartSession.php(62): Illuminate\\Session\\Middleware\\StartSession->handleStatefulRequest()
#20 /home/mohamed/Desktop/laravel/laravel-twitter-clone/vendor/laravel/framework/src/Illuminate/Pipeline/Pipeline.php(167): Illuminate\\Session\\Middleware\\StartSession->handle()
#21 /home/mohamed/Desktop/laravel/laravel-twitter-clone/vendor/laravel/framework/src/Illuminate/Cookie/Middleware/AddQueuedCookiesToResponse.php(37): Illuminate\\Pipeline\\Pipeline->Illuminate\\Pipeline\\{closure}()
#22 /home/mohamed/Desktop/laravel/laravel-twitter-clone/vendor/laravel/framework/src/Illuminate/Pipeline/Pipeline.php(167): Illuminate\\Cookie\\Middleware\\AddQueuedCookiesToResponse->handle()
#23 /home/mohamed/Desktop/laravel/laravel-twitter-clone/vendor/laravel/framework/src/Illuminate/Cookie/Middleware/EncryptCookies.php(67): Illuminate\\Pipeline\\Pipeline->Illuminate\\Pipeline\\{closure}()
#24 /home/mohamed/Desktop/laravel/laravel-twitter-clone/vendor/laravel/framework/src/Illuminate/Pipeline/Pipeline.php(167): Illuminate\\Cookie\\Middleware\\EncryptCookies->handle()
#25 /home/mohamed/Desktop/laravel/laravel-twitter-clone/vendor/laravel/framework/src/Illuminate/Pipeline/Pipeline.php(103): Illuminate\\Pipeline\\Pipeline->Illuminate\\Pipeline\\{closure}()
#26 /home/mohamed/Desktop/laravel/laravel-twitter-clone/vendor/laravel/framework/src/Illuminate/Routing/Router.php(687): Illuminate\\Pipeline\\Pipeline->then()
#27 /home/mohamed/Desktop/laravel/laravel-twitter-clone/vendor/laravel/framework/src/Illuminate/Routing/Router.php(662): Illuminate\\Routing\\Router->runRouteWithinStack()
#28 /home/mohamed/Desktop/laravel/laravel-twitter-clone/vendor/laravel/framework/src/Illuminate/Routing/Router.php(628): Illuminate\\Routing\\Router->runRoute()
#29 /home/mohamed/Desktop/laravel/laravel-twitter-clone/vendor/laravel/framework/src/Illuminate/Routing/Router.php(617): Illuminate\\Routing\\Router->dispatchToRoute()
#30 /home/mohamed/Desktop/laravel/laravel-twitter-clone/vendor/laravel/framework/src/Illuminate/Foundation/Http/Kernel.php(165): Illuminate\\Routing\\Router->dispatch()
#31 /home/mohamed/Desktop/laravel/laravel-twitter-clone/vendor/laravel/framework/src/Illuminate/Pipeline/Pipeline.php(128): Illuminate\\Foundation\\Http\\Kernel->Illuminate\\Foundation\\Http\\{closure}()
#32 /home/mohamed/Desktop/laravel/laravel-twitter-clone/vendor/laravel/framework/src/Illuminate/Foundation/Http/Middleware/TransformsRequest.php(21): Illuminate\\Pipeline\\Pipeline->Illuminate\\Pipeline\\{closure}()
#33 /home/mohamed/Desktop/laravel/laravel-twitter-clone/vendor/laravel/framework/src/Illuminate/Pipeline/Pipeline.php(167): Illuminate\\Foundation\\Http\\Middleware\\TransformsRequest->handle()
#34 /home/mohamed/Desktop/laravel/laravel-twitter-clone/vendor/laravel/framework/src/Illuminate/Foundation/Http/Middleware/TransformsRequest.php(21): Illuminate\\Pipeline\\Pipeline->Illuminate\\Pipeline\\{closure}()
#35 /home/mohamed/Desktop/laravel/laravel-twitter-clone/vendor/laravel/framework/src/Illuminate/Pipeline/Pipeline.php(167): Illuminate\\Foundation\\Http\\Middleware\\TransformsRequest->handle()
#36 /home/mohamed/Desktop/laravel/laravel-twitter-clone/vendor/laravel/framework/src/Illuminate/Foundation/Http/Middleware/ValidatePostSize.php(27): Illuminate\\Pipeline\\Pipeline->Illuminate\\Pipeline\\{closure}()
#37 /home/mohamed/Desktop/laravel/laravel-twitter-clone/vendor/laravel/framework/src/Illuminate/Pipeline/Pipeline.php(167): Illuminate\\Foundation\\Http\\Middleware\\ValidatePostSize->handle()
#38 /home/mohamed/Desktop/laravel/laravel-twitter-clone/vendor/laravel/framework/src/Illuminate/Foundation/Http/Middleware/CheckForMaintenanceMode.php(63): Illuminate\\Pipeline\\Pipeline->Illuminate\\Pipeline\\{closure}()
#39 /home/mohamed/Desktop/laravel/laravel-twitter-clone/vendor/laravel/framework/src/Illuminate/Pipeline/Pipeline.php(167): Illuminate\\Foundation\\Http\\Middleware\\CheckForMaintenanceMode->handle()
#40 /home/mohamed/Desktop/laravel/laravel-twitter-clone/vendor/fruitcake/laravel-cors/src/HandleCors.php(37): Illuminate\\Pipeline\\Pipeline->Illuminate\\Pipeline\\{closure}()
#41 /home/mohamed/Desktop/laravel/laravel-twitter-clone/vendor/laravel/framework/src/Illuminate/Pipeline/Pipeline.php(167): Fruitcake\\Cors\\HandleCors->handle()
#42 /home/mohamed/Desktop/laravel/laravel-twitter-clone/vendor/fideloper/proxy/src/TrustProxies.php(57): Illuminate\\Pipeline\\Pipeline->Illuminate\\Pipeline\\{closure}()
#43 /home/mohamed/Desktop/laravel/laravel-twitter-clone/vendor/laravel/framework/src/Illuminate/Pipeline/Pipeline.php(167): Fideloper\\Proxy\\TrustProxies->handle()
#44 /home/mohamed/Desktop/laravel/laravel-twitter-clone/vendor/laravel/framework/src/Illuminate/Pipeline/Pipeline.php(103): Illuminate\\Pipeline\\Pipeline->Illuminate\\Pipeline\\{closure}()
#45 /home/mohamed/Desktop/laravel/laravel-twitter-clone/vendor/laravel/framework/src/Illuminate/Foundation/Http/Kernel.php(140): Illuminate\\Pipeline\\Pipeline->then()
#46 /home/mohamed/Desktop/laravel/laravel-twitter-clone/vendor/laravel/framework/src/Illuminate/Foundation/Http/Kernel.php(109): Illuminate\\Foundation\\Http\\Kernel->sendRequestThroughRouter()
#47 /home/mohamed/Desktop/laravel/laravel-twitter-clone/public/index.php(55): Illuminate\\Foundation\\Http\\Kernel->handle()
#48 /home/mohamed/Desktop/laravel/laravel-twitter-clone/server.php(21): require_once('/home/mohamed/D...')
#49 {main}
"} 
[2020-09-22 10:19:42] local.ERROR: unlink(/home/mohamed/Desktop/laravel/laravel-twitter-clone/public/uploads/personal/photo5f69c967e71d95.27217615.jpeg): No such file or directory {"userId":1,"exception":"[object] (ErrorException(code: 0): unlink(/home/mohamed/Desktop/laravel/laravel-twitter-clone/public/uploads/personal/photo5f69c967e71d95.27217615.jpeg): No such file or directory at /home/mohamed/Desktop/laravel/laravel-twitter-clone/app/Http/Controllers/ProfileController.php:103)
[stacktrace]
#0 [internal function]: Illuminate\\Foundation\\Bootstrap\\HandleExceptions->handleError()
#1 /home/mohamed/Desktop/laravel/laravel-twitter-clone/app/Http/Controllers/ProfileController.php(103): unlink()
#2 /home/mohamed/Desktop/laravel/laravel-twitter-clone/app/Http/Controllers/ProfileController.php(35): App\\Http\\Controllers\\ProfileController->manageImage()
#3 [internal function]: App\\Http\\Controllers\\ProfileController->update()
#4 /home/mohamed/Desktop/laravel/laravel-twitter-clone/vendor/laravel/framework/src/Illuminate/Routing/Controller.php(54): call_user_func_array()
#5 /home/mohamed/Desktop/laravel/laravel-twitter-clone/vendor/laravel/framework/src/Illuminate/Routing/ControllerDispatcher.php(45): Illuminate\\Routing\\Controller->callAction()
#6 /home/mohamed/Desktop/laravel/laravel-twitter-clone/vendor/laravel/framework/src/Illuminate/Routing/Route.php(239): Illuminate\\Routing\\ControllerDispatcher->dispatch()
#7 /home/mohamed/Desktop/laravel/laravel-twitter-clone/vendor/laravel/framework/src/Illuminate/Routing/Route.php(196): Illuminate\\Routing\\Route->runController()
#8 /home/mohamed/Desktop/laravel/laravel-twitter-clone/vendor/laravel/framework/src/Illuminate/Routing/Router.php(685): Illuminate\\Routing\\Route->run()
#9 /home/mohamed/Desktop/laravel/laravel-twitter-clone/vendor/laravel/framework/src/Illuminate/Pipeline/Pipeline.php(128): Illuminate\\Routing\\Router->Illuminate\\Routing\\{closure}()
#10 /home/mohamed/Desktop/laravel/laravel-twitter-clone/vendor/laravel/framework/src/Illuminate/Routing/Middleware/SubstituteBindings.php(41): Illuminate\\Pipeline\\Pipeline->Illuminate\\Pipeline\\{closure}()
#11 /home/mohamed/Desktop/laravel/laravel-twitter-clone/vendor/laravel/framework/src/Illuminate/Pipeline/Pipeline.php(167): Illuminate\\Routing\\Middleware\\SubstituteBindings->handle()
#12 /home/mohamed/Desktop/laravel/laravel-twitter-clone/vendor/laravel/framework/src/Illuminate/Auth/Middleware/Authenticate.php(44): Illuminate\\Pipeline\\Pipeline->Illuminate\\Pipeline\\{closure}()
#13 /home/mohamed/Desktop/laravel/laravel-twitter-clone/vendor/laravel/framework/src/Illuminate/Pipeline/Pipeline.php(167): Illuminate\\Auth\\Middleware\\Authenticate->handle()
#14 /home/mohamed/Desktop/laravel/laravel-twitter-clone/vendor/laravel/framework/src/Illuminate/Foundation/Http/Middleware/VerifyCsrfToken.php(77): Illuminate\\Pipeline\\Pipeline->Illuminate\\Pipeline\\{closure}()
#15 /home/mohamed/Desktop/laravel/laravel-twitter-clone/vendor/laravel/framework/src/Illuminate/Pipeline/Pipeline.php(167): Illuminate\\Foundation\\Http\\Middleware\\VerifyCsrfToken->handle()
#16 /home/mohamed/Desktop/laravel/laravel-twitter-clone/vendor/laravel/framework/src/Illuminate/View/Middleware/ShareErrorsFromSession.php(49): Illuminate\\Pipeline\\Pipeline->Illuminate\\Pipeline\\{closure}()
#17 /home/mohamed/Desktop/laravel/laravel-twitter-clone/vendor/laravel/framework/src/Illuminate/Pipeline/Pipeline.php(167): Illuminate\\View\\Middleware\\ShareErrorsFromSession->handle()
#18 /home/mohamed/Desktop/laravel/laravel-twitter-clone/vendor/laravel/framework/src/Illuminate/Session/Middleware/StartSession.php(116): Illuminate\\Pipeline\\Pipeline->Illuminate\\Pipeline\\{closure}()
#19 /home/mohamed/Desktop/laravel/laravel-twitter-clone/vendor/laravel/framework/src/Illuminate/Session/Middleware/StartSession.php(62): Illuminate\\Session\\Middleware\\StartSession->handleStatefulRequest()
#20 /home/mohamed/Desktop/laravel/laravel-twitter-clone/vendor/laravel/framework/src/Illuminate/Pipeline/Pipeline.php(167): Illuminate\\Session\\Middleware\\StartSession->handle()
#21 /home/mohamed/Desktop/laravel/laravel-twitter-clone/vendor/laravel/framework/src/Illuminate/Cookie/Middleware/AddQueuedCookiesToResponse.php(37): Illuminate\\Pipeline\\Pipeline->Illuminate\\Pipeline\\{closure}()
#22 /home/mohamed/Desktop/laravel/laravel-twitter-clone/vendor/laravel/framework/src/Illuminate/Pipeline/Pipeline.php(167): Illuminate\\Cookie\\Middleware\\AddQueuedCookiesToResponse->handle()
#23 /home/mohamed/Desktop/laravel/laravel-twitter-clone/vendor/laravel/framework/src/Illuminate/Cookie/Middleware/EncryptCookies.php(67): Illuminate\\Pipeline\\Pipeline->Illuminate\\Pipeline\\{closure}()
#24 /home/mohamed/Desktop/laravel/laravel-twitter-clone/vendor/laravel/framework/src/Illuminate/Pipeline/Pipeline.php(167): Illuminate\\Cookie\\Middleware\\EncryptCookies->handle()
#25 /home/mohamed/Desktop/laravel/laravel-twitter-clone/vendor/laravel/framework/src/Illuminate/Pipeline/Pipeline.php(103): Illuminate\\Pipeline\\Pipeline->Illuminate\\Pipeline\\{closure}()
#26 /home/mohamed/Desktop/laravel/laravel-twitter-clone/vendor/laravel/framework/src/Illuminate/Routing/Router.php(687): Illuminate\\Pipeline\\Pipeline->then()
#27 /home/mohamed/Desktop/laravel/laravel-twitter-clone/vendor/laravel/framework/src/Illuminate/Routing/Router.php(662): Illuminate\\Routing\\Router->runRouteWithinStack()
#28 /home/mohamed/Desktop/laravel/laravel-twitter-clone/vendor/laravel/framework/src/Illuminate/Routing/Router.php(628): Illuminate\\Routing\\Router->runRoute()
#29 /home/mohamed/Desktop/laravel/laravel-twitter-clone/vendor/laravel/framework/src/Illuminate/Routing/Router.php(617): Illuminate\\Routing\\Router->dispatchToRoute()
#30 /home/mohamed/Desktop/laravel/laravel-twitter-clone/vendor/laravel/framework/src/Illuminate/Foundation/Http/Kernel.php(165): Illuminate\\Routing\\Router->dispatch()
#31 /home/mohamed/Desktop/laravel/laravel-twitter-clone/vendor/laravel/framework/src/Illuminate/Pipeline/Pipeline.php(128): Illuminate\\Foundation\\Http\\Kernel->Illuminate\\Foundation\\Http\\{closure}()
#32 /home/mohamed/Desktop/laravel/laravel-twitter-clone/vendor/laravel/framework/src/Illuminate/Foundation/Http/Middleware/TransformsRequest.php(21): Illuminate\\Pipeline\\Pipeline->Illuminate\\Pipeline\\{closure}()
#33 /home/mohamed/Desktop/laravel/laravel-twitter-clone/vendor/laravel/framework/src/Illuminate/Pipeline/Pipeline.php(167): Illuminate\\Foundation\\Http\\Middleware\\TransformsRequest->handle()
#34 /home/mohamed/Desktop/laravel/laravel-twitter-clone/vendor/laravel/framework/src/Illuminate/Foundation/Http/Middleware/TransformsRequest.php(21): Illuminate\\Pipeline\\Pipeline->Illuminate\\Pipeline\\{closure}()
#35 /home/mohamed/Desktop/laravel/laravel-twitter-clone/vendor/laravel/framework/src/Illuminate/Pipeline/Pipeline.php(167): Illuminate\\Foundation\\Http\\Middleware\\TransformsRequest->handle()
#36 /home/mohamed/Desktop/laravel/laravel-twitter-clone/vendor/laravel/framework/src/Illuminate/Foundation/Http/Middleware/ValidatePostSize.php(27): Illuminate\\Pipeline\\Pipeline->Illuminate\\Pipeline\\{closure}()
#37 /home/mohamed/Desktop/laravel/laravel-twitter-clone/vendor/laravel/framework/src/Illuminate/Pipeline/Pipeline.php(167): Illuminate\\Foundation\\Http\\Middleware\\ValidatePostSize->handle()
#38 /home/mohamed/Desktop/laravel/laravel-twitter-clone/vendor/laravel/framework/src/Illuminate/Foundation/Http/Middleware/CheckForMaintenanceMode.php(63): Illuminate\\Pipeline\\Pipeline->Illuminate\\Pipeline\\{closure}()
#39 /home/mohamed/Desktop/laravel/laravel-twitter-clone/vendor/laravel/framework/src/Illuminate/Pipeline/Pipeline.php(167): Illuminate\\Foundation\\Http\\Middleware\\CheckForMaintenanceMode->handle()
#40 /home/mohamed/Desktop/laravel/laravel-twitter-clone/vendor/fruitcake/laravel-cors/src/HandleCors.php(37): Illuminate\\Pipeline\\Pipeline->Illuminate\\Pipeline\\{closure}()
#41 /home/mohamed/Desktop/laravel/laravel-twitter-clone/vendor/laravel/framework/src/Illuminate/Pipeline/Pipeline.php(167): Fruitcake\\Cors\\HandleCors->handle()
#42 /home/mohamed/Desktop/laravel/laravel-twitter-clone/vendor/fideloper/proxy/src/TrustProxies.php(57): Illuminate\\Pipeline\\Pipeline->Illuminate\\Pipeline\\{closure}()
#43 /home/mohamed/Desktop/laravel/laravel-twitter-clone/vendor/laravel/framework/src/Illuminate/Pipeline/Pipeline.php(167): Fideloper\\Proxy\\TrustProxies->handle()
#44 /home/mohamed/Desktop/laravel/laravel-twitter-clone/vendor/laravel/framework/src/Illuminate/Pipeline/Pipeline.php(103): Illuminate\\Pipeline\\Pipeline->Illuminate\\Pipeline\\{closure}()
#45 /home/mohamed/Desktop/laravel/laravel-twitter-clone/vendor/laravel/framework/src/Illuminate/Foundation/Http/Kernel.php(140): Illuminate\\Pipeline\\Pipeline->then()
#46 /home/mohamed/Desktop/laravel/laravel-twitter-clone/vendor/laravel/framework/src/Illuminate/Foundation/Http/Kernel.php(109): Illuminate\\Foundation\\Http\\Kernel->sendRequestThroughRouter()
#47 /home/mohamed/Desktop/laravel/laravel-twitter-clone/public/index.php(55): Illuminate\\Foundation\\Http\\Kernel->handle()
#48 /home/mohamed/Desktop/laravel/laravel-twitter-clone/server.php(21): require_once('/home/mohamed/D...')
#49 {main}
"} 
[2020-09-22 12:44:11] local.ERROR: syntax error, unexpected 'endforeach' (T_ENDFOREACH), expecting elseif (T_ELSEIF) or else (T_ELSE) or endif (T_ENDIF) (View: /home/mohamed/Desktop/laravel/laravel-twitter-clone/resources/views/explore.blade.php) {"userId":2,"exception":"[object] (Facade\\Ignition\\Exceptions\\ViewException(code: 0): syntax error, unexpected 'endforeach' (T_ENDFOREACH), expecting elseif (T_ELSEIF) or else (T_ELSE) or endif (T_ENDIF) (View: /home/mohamed/Desktop/laravel/laravel-twitter-clone/resources/views/explore.blade.php) at /home/mohamed/Desktop/laravel/laravel-twitter-clone/resources/views/explore.blade.php:29)
[stacktrace]
#0 /home/mohamed/Desktop/laravel/laravel-twitter-clone/vendor/laravel/framework/src/Illuminate/View/Engines/CompilerEngine.php(57): Illuminate\\View\\Engines\\PhpEngine->evaluatePath()
#1 /home/mohamed/Desktop/laravel/laravel-twitter-clone/vendor/facade/ignition/src/Views/Engines/CompilerEngine.php(37): Illuminate\\View\\Engines\\CompilerEngine->get()
#2 /home/mohamed/Desktop/laravel/laravel-twitter-clone/vendor/laravel/framework/src/Illuminate/View/View.php(139): Facade\\Ignition\\Views\\Engines\\CompilerEngine->get()
#3 /home/mohamed/Desktop/laravel/laravel-twitter-clone/vendor/laravel/framework/src/Illuminate/View/View.php(122): Illuminate\\View\\View->getContents()
#4 /home/mohamed/Desktop/laravel/laravel-twitter-clone/vendor/laravel/framework/src/Illuminate/View/View.php(91): Illuminate\\View\\View->renderContents()
#5 /home/mohamed/Desktop/laravel/laravel-twitter-clone/vendor/laravel/framework/src/Illuminate/Http/Response.php(62): Illuminate\\View\\View->render()
#6 /home/mohamed/Desktop/laravel/laravel-twitter-clone/vendor/laravel/framework/src/Illuminate/Http/Response.php(34): Illuminate\\Http\\Response->setContent()
#7 /home/mohamed/Desktop/laravel/laravel-twitter-clone/vendor/laravel/framework/src/Illuminate/Routing/Router.php(759): Illuminate\\Http\\Response->__construct()
#8 /home/mohamed/Desktop/laravel/laravel-twitter-clone/vendor/laravel/framework/src/Illuminate/Routing/Router.php(731): Illuminate\\Routing\\Router::toResponse()
#9 /home/mohamed/Desktop/laravel/laravel-twitter-clone/vendor/laravel/framework/src/Illuminate/Routing/Router.php(685): Illuminate\\Routing\\Router->prepareResponse()
#10 /home/mohamed/Desktop/laravel/laravel-twitter-clone/vendor/laravel/framework/src/Illuminate/Pipeline/Pipeline.php(128): Illuminate\\Routing\\Router->Illuminate\\Routing\\{closure}()
#11 /home/mohamed/Desktop/laravel/laravel-twitter-clone/vendor/laravel/framework/src/Illuminate/Routing/Middleware/SubstituteBindings.php(41): Illuminate\\Pipeline\\Pipeline->Illuminate\\Pipeline\\{closure}()
#12 /home/mohamed/Desktop/laravel/laravel-twitter-clone/vendor/laravel/framework/src/Illuminate/Pipeline/Pipeline.php(167): Illuminate\\Routing\\Middleware\\SubstituteBindings->handle()
#13 /home/mohamed/Desktop/laravel/laravel-twitter-clone/vendor/laravel/framework/src/Illuminate/Auth/Middleware/Authenticate.php(44): Illuminate\\Pipeline\\Pipeline->Illuminate\\Pipeline\\{closure}()
#14 /home/mohamed/Desktop/laravel/laravel-twitter-clone/vendor/laravel/framework/src/Illuminate/Pipeline/Pipeline.php(167): Illuminate\\Auth\\Middleware\\Authenticate->handle()
#15 /home/mohamed/Desktop/laravel/laravel-twitter-clone/vendor/laravel/framework/src/Illuminate/Foundation/Http/Middleware/VerifyCsrfToken.php(77): Illuminate\\Pipeline\\Pipeline->Illuminate\\Pipeline\\{closure}()
#16 /home/mohamed/Desktop/laravel/laravel-twitter-clone/vendor/laravel/framework/src/Illuminate/Pipeline/Pipeline.php(167): Illuminate\\Foundation\\Http\\Middleware\\VerifyCsrfToken->handle()
#17 /home/mohamed/Desktop/laravel/laravel-twitter-clone/vendor/laravel/framework/src/Illuminate/View/Middleware/ShareErrorsFromSession.php(49): Illuminate\\Pipeline\\Pipeline->Illuminate\\Pipeline\\{closure}()
#18 /home/mohamed/Desktop/laravel/laravel-twitter-clone/vendor/laravel/framework/src/Illuminate/Pipeline/Pipeline.php(167): Illuminate\\View\\Middleware\\ShareErrorsFromSession->handle()
#19 /home/mohamed/Desktop/laravel/laravel-twitter-clone/vendor/laravel/framework/src/Illuminate/Session/Middleware/StartSession.php(116): Illuminate\\Pipeline\\Pipeline->Illuminate\\Pipeline\\{closure}()
#20 /home/mohamed/Desktop/laravel/laravel-twitter-clone/vendor/laravel/framework/src/Illuminate/Session/Middleware/StartSession.php(62): Illuminate\\Session\\Middleware\\StartSession->handleStatefulRequest()
#21 /home/mohamed/Desktop/laravel/laravel-twitter-clone/vendor/laravel/framework/src/Illuminate/Pipeline/Pipeline.php(167): Illuminate\\Session\\Middleware\\StartSession->handle()
#22 /home/mohamed/Desktop/laravel/laravel-twitter-clone/vendor/laravel/framework/src/Illuminate/Cookie/Middleware/AddQueuedCookiesToResponse.php(37): Illuminate\\Pipeline\\Pipeline->Illuminate\\Pipeline\\{closure}()
#23 /home/mohamed/Desktop/laravel/laravel-twitter-clone/vendor/laravel/framework/src/Illuminate/Pipeline/Pipeline.php(167): Illuminate\\Cookie\\Middleware\\AddQueuedCookiesToResponse->handle()
#24 /home/mohamed/Desktop/laravel/laravel-twitter-clone/vendor/laravel/framework/src/Illuminate/Cookie/Middleware/EncryptCookies.php(67): Illuminate\\Pipeline\\Pipeline->Illuminate\\Pipeline\\{closure}()
#25 /home/mohamed/Desktop/laravel/laravel-twitter-clone/vendor/laravel/framework/src/Illuminate/Pipeline/Pipeline.php(167): Illuminate\\Cookie\\Middleware\\EncryptCookies->handle()
#26 /home/mohamed/Desktop/laravel/laravel-twitter-clone/vendor/laravel/framework/src/Illuminate/Pipeline/Pipeline.php(103): Illuminate\\Pipeline\\Pipeline->Illuminate\\Pipeline\\{closure}()
#27 /home/mohamed/Desktop/laravel/laravel-twitter-clone/vendor/laravel/framework/src/Illuminate/Routing/Router.php(687): Illuminate\\Pipeline\\Pipeline->then()
#28 /home/mohamed/Desktop/laravel/laravel-twitter-clone/vendor/laravel/framework/src/Illuminate/Routing/Router.php(662): Illuminate\\Routing\\Router->runRouteWithinStack()
#29 /home/mohamed/Desktop/laravel/laravel-twitter-clone/vendor/laravel/framework/src/Illuminate/Routing/Router.php(628): Illuminate\\Routing\\Router->runRoute()
#30 /home/mohamed/Desktop/laravel/laravel-twitter-clone/vendor/laravel/framework/src/Illuminate/Routing/Router.php(617): Illuminate\\Routing\\Router->dispatchToRoute()
#31 /home/mohamed/Desktop/laravel/laravel-twitter-clone/vendor/laravel/framework/src/Illuminate/Foundation/Http/Kernel.php(165): Illuminate\\Routing\\Router->dispatch()
#32 /home/mohamed/Desktop/laravel/laravel-twitter-clone/vendor/laravel/framework/src/Illuminate/Pipeline/Pipeline.php(128): Illuminate\\Foundation\\Http\\Kernel->Illuminate\\Foundation\\Http\\{closure}()
#33 /home/mohamed/Desktop/laravel/laravel-twitter-clone/vendor/laravel/framework/src/Illuminate/Foundation/Http/Middleware/TransformsRequest.php(21): Illuminate\\Pipeline\\Pipeline->Illuminate\\Pipeline\\{closure}()
#34 /home/mohamed/Desktop/laravel/laravel-twitter-clone/vendor/laravel/framework/src/Illuminate/Pipeline/Pipeline.php(167): Illuminate\\Foundation\\Http\\Middleware\\TransformsRequest->handle()
#35 /home/mohamed/Desktop/laravel/laravel-twitter-clone/vendor/laravel/framework/src/Illuminate/Foundation/Http/Middleware/TransformsRequest.php(21): Illuminate\\Pipeline\\Pipeline->Illuminate\\Pipeline\\{closure}()
#36 /home/mohamed/Desktop/laravel/laravel-twitter-clone/vendor/laravel/framework/src/Illuminate/Pipeline/Pipeline.php(167): Illuminate\\Foundation\\Http\\Middleware\\TransformsRequest->handle()
#37 /home/mohamed/Desktop/laravel/laravel-twitter-clone/vendor/laravel/framework/src/Illuminate/Foundation/Http/Middleware/ValidatePostSize.php(27): Illuminate\\Pipeline\\Pipeline->Illuminate\\Pipeline\\{closure}()
#38 /home/mohamed/Desktop/laravel/laravel-twitter-clone/vendor/laravel/framework/src/Illuminate/Pipeline/Pipeline.php(167): Illuminate\\Foundation\\Http\\Middleware\\ValidatePostSize->handle()
#39 /home/mohamed/Desktop/laravel/laravel-twitter-clone/vendor/laravel/framework/src/Illuminate/Foundation/Http/Middleware/CheckForMaintenanceMode.php(63): Illuminate\\Pipeline\\Pipeline->Illuminate\\Pipeline\\{closure}()
#40 /home/mohamed/Desktop/laravel/laravel-twitter-clone/vendor/laravel/framework/src/Illuminate/Pipeline/Pipeline.php(167): Illuminate\\Foundation\\Http\\Middleware\\CheckForMaintenanceMode->handle()
#41 /home/mohamed/Desktop/laravel/laravel-twitter-clone/vendor/fruitcake/laravel-cors/src/HandleCors.php(37): Illuminate\\Pipeline\\Pipeline->Illuminate\\Pipeline\\{closure}()
#42 /home/mohamed/Desktop/laravel/laravel-twitter-clone/vendor/laravel/framework/src/Illuminate/Pipeline/Pipeline.php(167): Fruitcake\\Cors\\HandleCors->handle()
#43 /home/mohamed/Desktop/laravel/laravel-twitter-clone/vendor/fideloper/proxy/src/TrustProxies.php(57): Illuminate\\Pipeline\\Pipeline->Illuminate\\Pipeline\\{closure}()
#44 /home/mohamed/Desktop/laravel/laravel-twitter-clone/vendor/laravel/framework/src/Illuminate/Pipeline/Pipeline.php(167): Fideloper\\Proxy\\TrustProxies->handle()
#45 /home/mohamed/Desktop/laravel/laravel-twitter-clone/vendor/laravel/framework/src/Illuminate/Pipeline/Pipeline.php(103): Illuminate\\Pipeline\\Pipeline->Illuminate\\Pipeline\\{closure}()
#46 /home/mohamed/Desktop/laravel/laravel-twitter-clone/vendor/laravel/framework/src/Illuminate/Foundation/Http/Kernel.php(140): Illuminate\\Pipeline\\Pipeline->then()
#47 /home/mohamed/Desktop/laravel/laravel-twitter-clone/vendor/laravel/framework/src/Illuminate/Foundation/Http/Kernel.php(109): Illuminate\\Foundation\\Http\\Kernel->sendRequestThroughRouter()
#48 /home/mohamed/Desktop/laravel/laravel-twitter-clone/public/index.php(55): Illuminate\\Foundation\\Http\\Kernel->handle()
#49 /home/mohamed/Desktop/laravel/laravel-twitter-clone/server.php(21): require_once('/home/mohamed/D...')
#50 {main}

[previous exception] [object] (ParseError(code: 0): syntax error, unexpected 'endforeach' (T_ENDFOREACH), expecting elseif (T_ELSEIF) or else (T_ELSE) or endif (T_ENDIF) at /home/mohamed/Desktop/laravel/laravel-twitter-clone/storage/framework/views/f118a378d5d5ca0c897233ce1a28de6e63f9ec89.php:26)
[stacktrace]
#0 /home/mohamed/Desktop/laravel/laravel-twitter-clone/vendor/laravel/framework/src/Illuminate/View/Engines/CompilerEngine.php(57): Illuminate\\View\\Engines\\PhpEngine->evaluatePath()
#1 /home/mohamed/Desktop/laravel/laravel-twitter-clone/vendor/facade/ignition/src/Views/Engines/CompilerEngine.php(37): Illuminate\\View\\Engines\\CompilerEngine->get()
#2 /home/mohamed/Desktop/laravel/laravel-twitter-clone/vendor/laravel/framework/src/Illuminate/View/View.php(139): Facade\\Ignition\\Views\\Engines\\CompilerEngine->get()
#3 /home/mohamed/Desktop/laravel/laravel-twitter-clone/vendor/laravel/framework/src/Illuminate/View/View.php(122): Illuminate\\View\\View->getContents()
#4 /home/mohamed/Desktop/laravel/laravel-twitter-clone/vendor/laravel/framework/src/Illuminate/View/View.php(91): Illuminate\\View\\View->renderContents()
#5 /home/mohamed/Desktop/laravel/laravel-twitter-clone/vendor/laravel/framework/src/Illuminate/Http/Response.php(62): Illuminate\\View\\View->render()
#6 /home/mohamed/Desktop/laravel/laravel-twitter-clone/vendor/laravel/framework/src/Illuminate/Http/Response.php(34): Illuminate\\Http\\Response->setContent()
#7 /home/mohamed/Desktop/laravel/laravel-twitter-clone/vendor/laravel/framework/src/Illuminate/Routing/Router.php(759): Illuminate\\Http\\Response->__construct()
#8 /home/mohamed/Desktop/laravel/laravel-twitter-clone/vendor/laravel/framework/src/Illuminate/Routing/Router.php(731): Illuminate\\Routing\\Router::toResponse()
#9 /home/mohamed/Desktop/laravel/laravel-twitter-clone/vendor/laravel/framework/src/Illuminate/Routing/Router.php(685): Illuminate\\Routing\\Router->prepareResponse()
#10 /home/mohamed/Desktop/laravel/laravel-twitter-clone/vendor/laravel/framework/src/Illuminate/Pipeline/Pipeline.php(128): Illuminate\\Routing\\Router->Illuminate\\Routing\\{closure}()
#11 /home/mohamed/Desktop/laravel/laravel-twitter-clone/vendor/laravel/framework/src/Illuminate/Routing/Middleware/SubstituteBindings.php(41): Illuminate\\Pipeline\\Pipeline->Illuminate\\Pipeline\\{closure}()
#12 /home/mohamed/Desktop/laravel/laravel-twitter-clone/vendor/laravel/framework/src/Illuminate/Pipeline/Pipeline.php(167): Illuminate\\Routing\\Middleware\\SubstituteBindings->handle()
#13 /home/mohamed/Desktop/laravel/laravel-twitter-clone/vendor/laravel/framework/src/Illuminate/Auth/Middleware/Authenticate.php(44): Illuminate\\Pipeline\\Pipeline->Illuminate\\Pipeline\\{closure}()
#14 /home/mohamed/Desktop/laravel/laravel-twitter-clone/vendor/laravel/framework/src/Illuminate/Pipeline/Pipeline.php(167): Illuminate\\Auth\\Middleware\\Authenticate->handle()
#15 /home/mohamed/Desktop/laravel/laravel-twitter-clone/vendor/laravel/framework/src/Illuminate/Foundation/Http/Middleware/VerifyCsrfToken.php(77): Illuminate\\Pipeline\\Pipeline->Illuminate\\Pipeline\\{closure}()
#16 /home/mohamed/Desktop/laravel/laravel-twitter-clone/vendor/laravel/framework/src/Illuminate/Pipeline/Pipeline.php(167): Illuminate\\Foundation\\Http\\Middleware\\VerifyCsrfToken->handle()
#17 /home/mohamed/Desktop/laravel/laravel-twitter-clone/vendor/laravel/framework/src/Illuminate/View/Middleware/ShareErrorsFromSession.php(49): Illuminate\\Pipeline\\Pipeline->Illuminate\\Pipeline\\{closure}()
#18 /home/mohamed/Desktop/laravel/laravel-twitter-clone/vendor/laravel/framework/src/Illuminate/Pipeline/Pipeline.php(167): Illuminate\\View\\Middleware\\ShareErrorsFromSession->handle()
#19 /home/mohamed/Desktop/laravel/laravel-twitter-clone/vendor/laravel/framework/src/Illuminate/Session/Middleware/StartSession.php(116): Illuminate\\Pipeline\\Pipeline->Illuminate\\Pipeline\\{closure}()
#20 /home/mohamed/Desktop/laravel/laravel-twitter-clone/vendor/laravel/framework/src/Illuminate/Session/Middleware/StartSession.php(62): Illuminate\\Session\\Middleware\\StartSession->handleStatefulRequest()
#21 /home/mohamed/Desktop/laravel/laravel-twitter-clone/vendor/laravel/framework/src/Illuminate/Pipeline/Pipeline.php(167): Illuminate\\Session\\Middleware\\StartSession->handle()
#22 /home/mohamed/Desktop/laravel/laravel-twitter-clone/vendor/laravel/framework/src/Illuminate/Cookie/Middleware/AddQueuedCookiesToResponse.php(37): Illuminate\\Pipeline\\Pipeline->Illuminate\\Pipeline\\{closure}()
#23 /home/mohamed/Desktop/laravel/laravel-twitter-clone/vendor/laravel/framework/src/Illuminate/Pipeline/Pipeline.php(167): Illuminate\\Cookie\\Middleware\\AddQueuedCookiesToResponse->handle()
#24 /home/mohamed/Desktop/laravel/laravel-twitter-clone/vendor/laravel/framework/src/Illuminate/Cookie/Middleware/EncryptCookies.php(67): Illuminate\\Pipeline\\Pipeline->Illuminate\\Pipeline\\{closure}()
#25 /home/mohamed/Desktop/laravel/laravel-twitter-clone/vendor/laravel/framework/src/Illuminate/Pipeline/Pipeline.php(167): Illuminate\\Cookie\\Middleware\\EncryptCookies->handle()
#26 /home/mohamed/Desktop/laravel/laravel-twitter-clone/vendor/laravel/framework/src/Illuminate/Pipeline/Pipeline.php(103): Illuminate\\Pipeline\\Pipeline->Illuminate\\Pipeline\\{closure}()
#27 /home/mohamed/Desktop/laravel/laravel-twitter-clone/vendor/laravel/framework/src/Illuminate/Routing/Router.php(687): Illuminate\\Pipeline\\Pipeline->then()
#28 /home/mohamed/Desktop/laravel/laravel-twitter-clone/vendor/laravel/framework/src/Illuminate/Routing/Router.php(662): Illuminate\\Routing\\Router->runRouteWithinStack()
#29 /home/mohamed/Desktop/laravel/laravel-twitter-clone/vendor/laravel/framework/src/Illuminate/Routing/Router.php(628): Illuminate\\Routing\\Router->runRoute()
#30 /home/mohamed/Desktop/laravel/laravel-twitter-clone/vendor/laravel/framework/src/Illuminate/Routing/Router.php(617): Illuminate\\Routing\\Router->dispatchToRoute()
#31 /home/mohamed/Desktop/laravel/laravel-twitter-clone/vendor/laravel/framework/src/Illuminate/Foundation/Http/Kernel.php(165): Illuminate\\Routing\\Router->dispatch()
#32 /home/mohamed/Desktop/laravel/laravel-twitter-clone/vendor/laravel/framework/src/Illuminate/Pipeline/Pipeline.php(128): Illuminate\\Foundation\\Http\\Kernel->Illuminate\\Foundation\\Http\\{closure}()
#33 /home/mohamed/Desktop/laravel/laravel-twitter-clone/vendor/laravel/framework/src/Illuminate/Foundation/Http/Middleware/TransformsRequest.php(21): Illuminate\\Pipeline\\Pipeline->Illuminate\\Pipeline\\{closure}()
#34 /home/mohamed/Desktop/laravel/laravel-twitter-clone/vendor/laravel/framework/src/Illuminate/Pipeline/Pipeline.php(167): Illuminate\\Foundation\\Http\\Middleware\\TransformsRequest->handle()
#35 /home/mohamed/Desktop/laravel/laravel-twitter-clone/vendor/laravel/framework/src/Illuminate/Foundation/Http/Middleware/TransformsRequest.php(21): Illuminate\\Pipeline\\Pipeline->Illuminate\\Pipeline\\{closure}()
#36 /home/mohamed/Desktop/laravel/laravel-twitter-clone/vendor/laravel/framework/src/Illuminate/Pipeline/Pipeline.php(167): Illuminate\\Foundation\\Http\\Middleware\\TransformsRequest->handle()
#37 /home/mohamed/Desktop/laravel/laravel-twitter-clone/vendor/laravel/framework/src/Illuminate/Foundation/Http/Middleware/ValidatePostSize.php(27): Illuminate\\Pipeline\\Pipeline->Illuminate\\Pipeline\\{closure}()
#38 /home/mohamed/Desktop/laravel/laravel-twitter-clone/vendor/laravel/framework/src/Illuminate/Pipeline/Pipeline.php(167): Illuminate\\Foundation\\Http\\Middleware\\ValidatePostSize->handle()
#39 /home/mohamed/Desktop/laravel/laravel-twitter-clone/vendor/laravel/framework/src/Illuminate/Foundation/Http/Middleware/CheckForMaintenanceMode.php(63): Illuminate\\Pipeline\\Pipeline->Illuminate\\Pipeline\\{closure}()
#40 /home/mohamed/Desktop/laravel/laravel-twitter-clone/vendor/laravel/framework/src/Illuminate/Pipeline/Pipeline.php(167): Illuminate\\Foundation\\Http\\Middleware\\CheckForMaintenanceMode->handle()
#41 /home/mohamed/Desktop/laravel/laravel-twitter-clone/vendor/fruitcake/laravel-cors/src/HandleCors.php(37): Illuminate\\Pipeline\\Pipeline->Illuminate\\Pipeline\\{closure}()
#42 /home/mohamed/Desktop/laravel/laravel-twitter-clone/vendor/laravel/framework/src/Illuminate/Pipeline/Pipeline.php(167): Fruitcake\\Cors\\HandleCors->handle()
#43 /home/mohamed/Desktop/laravel/laravel-twitter-clone/vendor/fideloper/proxy/src/TrustProxies.php(57): Illuminate\\Pipeline\\Pipeline->Illuminate\\Pipeline\\{closure}()
#44 /home/mohamed/Desktop/laravel/laravel-twitter-clone/vendor/laravel/framework/src/Illuminate/Pipeline/Pipeline.php(167): Fideloper\\Proxy\\TrustProxies->handle()
#45 /home/mohamed/Desktop/laravel/laravel-twitter-clone/vendor/laravel/framework/src/Illuminate/Pipeline/Pipeline.php(103): Illuminate\\Pipeline\\Pipeline->Illuminate\\Pipeline\\{closure}()
#46 /home/mohamed/Desktop/laravel/laravel-twitter-clone/vendor/laravel/framework/src/Illuminate/Foundation/Http/Kernel.php(140): Illuminate\\Pipeline\\Pipeline->then()
#47 /home/mohamed/Desktop/laravel/laravel-twitter-clone/vendor/laravel/framework/src/Illuminate/Foundation/Http/Kernel.php(109): Illuminate\\Foundation\\Http\\Kernel->sendRequestThroughRouter()
#48 /home/mohamed/Desktop/laravel/laravel-twitter-clone/public/index.php(55): Illuminate\\Foundation\\Http\\Kernel->handle()
#49 /home/mohamed/Desktop/laravel/laravel-twitter-clone/server.php(21): require_once('/home/mohamed/D...')
#50 {main}
"} 
[2020-09-22 12:49:05] local.ERROR: Can't use function return value in write context {"userId":2,"exception":"[object] (Symfony\\Component\\ErrorHandler\\Error\\FatalError(code: 0): Can't use function return value in write context at /home/mohamed/Desktop/laravel/laravel-twitter-clone/storage/framework/views/f118a378d5d5ca0c897233ce1a28de6e63f9ec89.php:28)
[stacktrace]
#0 {main}
"} 
